<?xml version="1.0" encoding="UTF-8"?>
<!-- Generated by org.testng.reporters.JUnitXMLReporter -->
<testsuite ignored="0" hostname="LAPTOP-MQ9B4BVN" failures="0" tests="12" name="Test" time="80.132" errors="0" timestamp="2024-01-29T21:09:30 IST">
  <testcase classname="test.PaymentTest" name="verifyIfUserIsAbleToEnterThePersonalInformation" time="1.773"/>
  <testcase classname="test.PaymentTest" name="verifyIfUserIsAbleTOrderTheProductSucessfully" time="1.817"/>
  <testcase classname="test.PaymentTest" name="verifyIfUserIsAbleToCancelTheOrder" time="1.76"/>
  <testcase classname="test.PaymentTest" name="verifyIfAdditonOfMultipleProductPriceIsEqualToTotalPrice" time="1.867"/>
  <testcase classname="test.LoginTest" name="verifyIfUserIsAbleToLogin" time="0.466"/>
  <testcase classname="test.SwagLabsTest" name="verifyIfUserIsAbleToAddTheProductIntoCartFromProdutDisplayPage" time="0.108"/>
  <testcase classname="test.SwagLabsTest" name="verifyIfuserIsAbleToRemoveProductFromCartFromProdctDisplayPage" time="0.187"/>
  <testcase classname="test.SwagLabsTest" name="verifyIfUserIsAbleToAddTheMultipleProductIntoCartFromProdutDisplayPage" time="0.17"/>
  <testcase classname="test.SwagLabsTest" name="verifyIfuserIsAbleToRemoveMultipleProductFromCartFromProdctDisplayPage" time="0.281"/>
  <testcase classname="test.SwagLabsTest" name="verifyIfUserIsAbleToAddTheProductIntoCartFromProductDiscriptionPage" time="0.769"/>
  <testcase classname="test.SwagLabsTest" name="verifyIfUserIsAbleToRemoveTheProductIntoCartFromProductDiscriptionPage" time="0.933"/>
  <testcase classname="test.SwagLabsTest" name="verifyIfTheProductDetailsOfATCPageAndProductDisplayPageAareSimilar" time="0.297"/>
</testsuite> <!-- Test -->
